n = 500, simulation time = 3.52868 seconds
n = 500, simulation time = 0.078029 seconds
n = 500, simulation time = 0.092799 seconds
n = 500, simulation time = 0.127021 seconds
n = 500, simulation time = 0.183754 seconds
n = 500, simulation time = 0.36858 seconds
n = 1000, simulation time = 0.206144 seconds
n = 2000, simulation time = 0.253423 seconds
n = 4000, simulation time = 0.344981 seconds
n = 8000, simulation time = 0.712783 seconds

Strong scaling estimates are :
   45.22   38.02   27.78   19.20    9.57 (speedup)
   45.22   19.01    6.95    2.40    0.60 (efficiency)    for
       1       2       4       8      16 threads/processors

Average strong scaling efficiency:   14.84 

Weak scaling estimates are :
   45.22   17.12   13.92   10.23    4.95 (efficiency)    for
       1       2       4       8      16 threads/processors

Average weak scaling efficiency:   18.29 


pthreads Grade =  100.00

