TACC: Starting up job 6877068
TACC: Starting parallel tasks...
/opt/apps/intel14/mvapich2-x/2.0.0/bin/mpirun_rsh -np %N -hostfile /home1/03967/tg832664/.slurm/job.6877068.hostlist.1ZmK6lAA MV2_IBA_HCA=mlx4_0 %P %A
/opt/apps/intel14/mvapich2-x/2.0.0/bin/upcrun -v -np 96 -shared-heap=1G ./pgen test
*** upcrun setting: UPC_SHARED_HEAP_SIZE='1GB'
*** upcrun setting: GASNET_MAX_SEGSIZE='1155692KB'
*** upcrun setting: UPC_NODES='nil'
*** upcrun setting: GASNET_SSH_SERVERS='nil'
*** upcrun running: '/opt/apps/intel14/mvapich2-x/2.0.0/bin/gasnetrun_mvapich2x -v -n 96 -E UPC_SHARED_HEAP_SIZE,UPC_NODES ./pgen test'
gasnetrun: located executable '/home1/03967/tg832664/CIS-625-homework-2/homework3/./pgen'
gasnetrun: forwarding to mpi-based spawner
gasnetrun: identified MPI spawner as: MVICH/MVAPICH
gasnetrun: located executable '/home1/03967/tg832664/CIS-625-homework-2/homework3/./pgen'
envargs: /usr/bin/env UPC_SHARED_HEAP_SIZE='1GB' UPC_NODES='nil' GASNET_SSH_SERVERS='nil' GASNET_IB_CONDUIT='MVAPICH2X' GASNET_IB_SPAWNER='mpi' GASNET_VERBOSEENV='1' GASNET_MAX_SEGSIZE='1155692KB' GASNET_IB_BOOTSTRAP_MPI='1'
gasnetrun: running: /opt/apps/intel14/mvapich2-x/2.0.0/bin/mpirun_rsh -np 96 -hostfile /home1/03967/tg832664/.slurm/job.6877068.hostlist.1ZmK6lAA MV2_IBA_HCA=mlx4_0 /usr/bin/env UPC_SHARED_HEAP_SIZE='1GB' UPC_NODES='nil' GASNET_SSH_SERVERS='nil' GASNET_IB_CONDUIT='MVAPICH2X' GASNET_IB_SPAWNER='mpi' GASNET_VERBOSEENV='1' GASNET_MAX_SEGSIZE='1155692KB' GASNET_IB_BOOTSTRAP_MPI='1' /home1/03967/tg832664/CIS-625-homework-2/homework3/./pgen 'test'
TACC: MPI job exited with code: 1
 
TACC: Shutdown complete. Exiting.
TACC: Starting up job 6877068
TACC: Starting parallel tasks...
/opt/apps/intel14/mvapich2-x/2.0.0/bin/mpirun_rsh -np %N -hostfile /home1/03967/tg832664/.slurm/job.6877068.hostlist.rm24hSaq MV2_IBA_HCA=mlx4_0 %P %A
/opt/apps/intel14/mvapich2-x/2.0.0/bin/upcrun -v -np 120 -shared-heap=1G ./pgen test
*** upcrun setting: UPC_SHARED_HEAP_SIZE='1GB'
*** upcrun setting: GASNET_MAX_SEGSIZE='1155692KB'
*** upcrun setting: UPC_NODES='nil'
*** upcrun setting: GASNET_SSH_SERVERS='nil'
*** upcrun running: '/opt/apps/intel14/mvapich2-x/2.0.0/bin/gasnetrun_mvapich2x -v -n 120 -E UPC_SHARED_HEAP_SIZE,UPC_NODES ./pgen test'
gasnetrun: located executable '/home1/03967/tg832664/CIS-625-homework-2/homework3/./pgen'
gasnetrun: forwarding to mpi-based spawner
gasnetrun: identified MPI spawner as: MVICH/MVAPICH
gasnetrun: located executable '/home1/03967/tg832664/CIS-625-homework-2/homework3/./pgen'
envargs: /usr/bin/env UPC_SHARED_HEAP_SIZE='1GB' UPC_NODES='nil' GASNET_SSH_SERVERS='nil' GASNET_IB_CONDUIT='MVAPICH2X' GASNET_IB_SPAWNER='mpi' GASNET_VERBOSEENV='1' GASNET_MAX_SEGSIZE='1155692KB' GASNET_IB_BOOTSTRAP_MPI='1'
gasnetrun: running: /opt/apps/intel14/mvapich2-x/2.0.0/bin/mpirun_rsh -np 120 -hostfile /home1/03967/tg832664/.slurm/job.6877068.hostlist.rm24hSaq MV2_IBA_HCA=mlx4_0 /usr/bin/env UPC_SHARED_HEAP_SIZE='1GB' UPC_NODES='nil' GASNET_SSH_SERVERS='nil' GASNET_IB_CONDUIT='MVAPICH2X' GASNET_IB_SPAWNER='mpi' GASNET_VERBOSEENV='1' GASNET_MAX_SEGSIZE='1155692KB' GASNET_IB_BOOTSTRAP_MPI='1' /home1/03967/tg832664/CIS-625-homework-2/homework3/./pgen 'test'
TACC: MPI job exited with code: 1
 
TACC: Shutdown complete. Exiting.
TACC: Starting up job 6877068
TACC: Starting parallel tasks...
/opt/apps/intel14/mvapich2-x/2.0.0/bin/mpirun_rsh -np %N -hostfile /home1/03967/tg832664/.slurm/job.6877068.hostlist.KF4cJYTL MV2_IBA_HCA=mlx4_0 %P %A
/opt/apps/intel14/mvapich2-x/2.0.0/bin/upcrun -v -np 144 -shared-heap=1G ./pgen test
*** upcrun setting: UPC_SHARED_HEAP_SIZE='1GB'
*** upcrun setting: GASNET_MAX_SEGSIZE='1155692KB'
*** upcrun setting: UPC_NODES='nil'
*** upcrun setting: GASNET_SSH_SERVERS='nil'
*** upcrun running: '/opt/apps/intel14/mvapich2-x/2.0.0/bin/gasnetrun_mvapich2x -v -n 144 -E UPC_SHARED_HEAP_SIZE,UPC_NODES ./pgen test'
gasnetrun: located executable '/home1/03967/tg832664/CIS-625-homework-2/homework3/./pgen'
gasnetrun: forwarding to mpi-based spawner
gasnetrun: identified MPI spawner as: MVICH/MVAPICH
gasnetrun: located executable '/home1/03967/tg832664/CIS-625-homework-2/homework3/./pgen'
envargs: /usr/bin/env UPC_SHARED_HEAP_SIZE='1GB' UPC_NODES='nil' GASNET_SSH_SERVERS='nil' GASNET_IB_CONDUIT='MVAPICH2X' GASNET_IB_SPAWNER='mpi' GASNET_VERBOSEENV='1' GASNET_MAX_SEGSIZE='1155692KB' GASNET_IB_BOOTSTRAP_MPI='1'
gasnetrun: running: /opt/apps/intel14/mvapich2-x/2.0.0/bin/mpirun_rsh -np 144 -hostfile /home1/03967/tg832664/.slurm/job.6877068.hostlist.KF4cJYTL MV2_IBA_HCA=mlx4_0 /usr/bin/env UPC_SHARED_HEAP_SIZE='1GB' UPC_NODES='nil' GASNET_SSH_SERVERS='nil' GASNET_IB_CONDUIT='MVAPICH2X' GASNET_IB_SPAWNER='mpi' GASNET_VERBOSEENV='1' GASNET_MAX_SEGSIZE='1155692KB' GASNET_IB_BOOTSTRAP_MPI='1' /home1/03967/tg832664/CIS-625-homework-2/homework3/./pgen 'test'
TACC: MPI job exited with code: 1
 
TACC: Shutdown complete. Exiting.
TACC: Starting up job 6877068
TACC: Starting parallel tasks...
/opt/apps/intel14/mvapich2-x/2.0.0/bin/mpirun_rsh -np %N -hostfile /home1/03967/tg832664/.slurm/job.6877068.hostlist.wzYBGUsV MV2_IBA_HCA=mlx4_0 %P %A
/opt/apps/intel14/mvapich2-x/2.0.0/bin/upcrun -v -np 168 -shared-heap=1G ./pgen test
*** upcrun setting: UPC_SHARED_HEAP_SIZE='1GB'
*** upcrun setting: GASNET_MAX_SEGSIZE='1155692KB'
*** upcrun setting: UPC_NODES='nil'
*** upcrun setting: GASNET_SSH_SERVERS='nil'
*** upcrun running: '/opt/apps/intel14/mvapich2-x/2.0.0/bin/gasnetrun_mvapich2x -v -n 168 -E UPC_SHARED_HEAP_SIZE,UPC_NODES ./pgen test'
gasnetrun: located executable '/home1/03967/tg832664/CIS-625-homework-2/homework3/./pgen'
gasnetrun: forwarding to mpi-based spawner
gasnetrun: identified MPI spawner as: MVICH/MVAPICH
gasnetrun: located executable '/home1/03967/tg832664/CIS-625-homework-2/homework3/./pgen'
envargs: /usr/bin/env UPC_SHARED_HEAP_SIZE='1GB' UPC_NODES='nil' GASNET_SSH_SERVERS='nil' GASNET_IB_CONDUIT='MVAPICH2X' GASNET_IB_SPAWNER='mpi' GASNET_VERBOSEENV='1' GASNET_MAX_SEGSIZE='1155692KB' GASNET_IB_BOOTSTRAP_MPI='1'
gasnetrun: running: /opt/apps/intel14/mvapich2-x/2.0.0/bin/mpirun_rsh -np 168 -hostfile /home1/03967/tg832664/.slurm/job.6877068.hostlist.wzYBGUsV MV2_IBA_HCA=mlx4_0 /usr/bin/env UPC_SHARED_HEAP_SIZE='1GB' UPC_NODES='nil' GASNET_SSH_SERVERS='nil' GASNET_IB_CONDUIT='MVAPICH2X' GASNET_IB_SPAWNER='mpi' GASNET_VERBOSEENV='1' GASNET_MAX_SEGSIZE='1155692KB' GASNET_IB_BOOTSTRAP_MPI='1' /home1/03967/tg832664/CIS-625-homework-2/homework3/./pgen 'test'
