Detected 4514197 kmers in text UFX file: test
Generated 5736 contigs with 4617445 total bases
Total execution time: 2.080000 seconds (0.840000 graph construction / 1.240000 graph traversal)
TACC: Starting up job 6877057
TACC: Starting parallel tasks...
/opt/apps/intel14/mvapich2-x/2.0.0/bin/mpirun_rsh -np %N -hostfile /home1/03967/tg832664/.slurm/job.6877057.hostlist.DI33cwOl MV2_IBA_HCA=mlx4_0 %P %A
/opt/apps/intel14/mvapich2-x/2.0.0/bin/upcrun -v -np 3 -shared-heap=1G ./pgen test
*** upcrun setting: UPC_SHARED_HEAP_SIZE='1GB'
*** upcrun setting: GASNET_MAX_SEGSIZE='1155692KB'
*** upcrun setting: UPC_NODES='nil'
*** upcrun setting: GASNET_SSH_SERVERS='nil'
*** upcrun running: '/opt/apps/intel14/mvapich2-x/2.0.0/bin/gasnetrun_mvapich2x -v -n 3 -E UPC_SHARED_HEAP_SIZE,UPC_NODES ./pgen test'
gasnetrun: located executable '/home1/03967/tg832664/CIS-625-homework-2/homework3/./pgen'
gasnetrun: forwarding to mpi-based spawner
gasnetrun: identified MPI spawner as: MVICH/MVAPICH
gasnetrun: located executable '/home1/03967/tg832664/CIS-625-homework-2/homework3/./pgen'
envargs: /usr/bin/env UPC_SHARED_HEAP_SIZE='1GB' UPC_NODES='nil' GASNET_SSH_SERVERS='nil' GASNET_IB_CONDUIT='MVAPICH2X' GASNET_IB_SPAWNER='mpi' GASNET_VERBOSEENV='1' GASNET_MAX_SEGSIZE='1155692KB' GASNET_IB_BOOTSTRAP_MPI='1'
gasnetrun: running: /opt/apps/intel14/mvapich2-x/2.0.0/bin/mpirun_rsh -np 3 -hostfile /home1/03967/tg832664/.slurm/job.6877057.hostlist.DI33cwOl MV2_IBA_HCA=mlx4_0 /usr/bin/env UPC_SHARED_HEAP_SIZE='1GB' UPC_NODES='nil' GASNET_SSH_SERVERS='nil' GASNET_IB_CONDUIT='MVAPICH2X' GASNET_IB_SPAWNER='mpi' GASNET_VERBOSEENV='1' GASNET_MAX_SEGSIZE='1155692KB' GASNET_IB_BOOTSTRAP_MPI='1' /home1/03967/tg832664/CIS-625-homework-2/homework3/./pgen 'test'
UPCR: UPC thread 0 of 3 on c560-104.stampede.tacc.utexas.edu (pshm node 0 of 1, process 0 of 3, pid=114930)
UPCR: UPC thread 2 of 3 on c560-104.stampede.tacc.utexas.edu (pshm node 0 of 1, process 2 of 3, pid=114932)
UPCR: UPC thread 1 of 3 on c560-104.stampede.tacc.utexas.edu (pshm node 0 of 1, process 1 of 3, pid=114931)
/home1/03967/tg832664/CIS-625-homework-2/homework3/./pgen: Input set: test
Number of UPC threads: 3
Input reading time: 0.000001 seconds
Graph construction time: 0.000000 seconds
Graph traversal time: 0.000001 seconds
 
TACC: Shutdown complete. Exiting.
Files serial.sorted and pgen.sorted differ
