ENV parameter: GASNET_FREEZE = NO                               (default)
ENV parameter: GASNET_NODEMAP_EXACT = NO                        (default)
ENV parameter: GASNET_SUPERNODE_MAXSIZE = 0                     (default)
ENV parameter: GASNET_PSHM_NETWORK_DEPTH = 32                   (default)
ENV parameter: GASNET_PHYSMEM_MAX = 0                           (default)
ENV parameter: GASNET_DISABLE_ENVDECODE = NO                    (default)
ENV parameter: GASNET_MAX_SEGSIZE = 1155692KB (1128 MB)                  
ENV parameter: GASNET_BARRIER = DISSEM                          (default)
ENV parameter: GASNET_COLL_MIN_SCRATCH_SIZE = 1 KB              (default)
ENV parameter: GASNET_COLL_SCRATCH_SIZE = 2 MB                  (default)
ENV parameter: GASNET_DISABLE_ARGDECODE = NO                    (default)
ENV parameter: GASNET_BACKTRACE = NO                            (default)
ENV parameter: GASNET_TMPDIR = *not set*                        (default)
ENV parameter: TMPDIR = *not set*                               (default)
ENV parameter: GASNET_BACKTRACE_TYPE = GSTACK,GDB,EXECINFO,IDB   (default)
ENV parameter: GASNET_FREEZE_ON_ERROR = NO                      (default)
ENV parameter: GASNET_FREEZE_SIGNAL = *not set*                 (default)
ENV parameter: GASNET_BACKTRACE_SIGNAL = *not set*              (default)
ENV parameter: UPC_SHARED_HEAP_SIZE = 1GB (1 GB)                         
ENV parameter: UPC_SHARED_HEAP_OFFSET = 0                       (default)
ENV parameter: GASNET_DISABLE_MUNMAP = NO                       (default)
ENV parameter: GASNET_MAX_THREADS = 1                           (default)
ENV parameter: GASNET_PSHM_BARRIER_RADIX = 0                    (default)
ENV parameter: GASNET_VIS_AMPIPE = NO                           (default)
ENV parameter: GASNET_VIS_MAXCHUNK = 4080 B                     (default)
ENV parameter: GASNET_VIS_REMOTECONTIG = NO                     (default)
ENV parameter: GASNET_COLL_OPT = YES                            (default)
ENV parameter: GASNET_COLL_BROADCAST_OPT = YES                  (default)
ENV parameter: GASNET_COLL_SCATTER_OPT = YES                    (default)
ENV parameter: GASNET_COLL_GATHER_OPT = YES                     (default)
ENV parameter: GASNET_COLL_GATHER_ALL_OPT = YES                 (default)
ENV parameter: GASNET_COLL_EXCHANGE_OPT = YES                   (default)
ENV parameter: GASNET_COLL_P2P_EAGER_MIN = 16                   (default)
ENV parameter: GASNET_COLL_P2P_EAGER_SCALE = 16                 (default)
ENV parameter: GASNET_COLL_ROOTED_GEOM = KNOMIAL_TREE,2         (default)
ENV parameter: GASNET_COLL_BROADCAST_GEOM = KNOMIAL_TREE,2      (default)
ENV parameter: GASNET_COLL_SCATTER_GEOM = KNOMIAL_TREE,2        (default)
ENV parameter: GASNET_COLL_GATHER_GEOM = KNOMIAL_TREE,2         (default)
ENV parameter: GASNET_COLL_GATHER_ALL_DISSEM_LIMIT_PER_THREAD = 1 KB   (default)
ENV parameter: GASNET_COLL_GATHER_ALL_DISSEM_LIMIT = 1 KB       (default)
ENV parameter: GASNET_COLL_EXCHANGE_DISSEM_LIMIT_PER_THREAD = 1 KB   (default)
ENV parameter: GASNET_COLL_EXCHANGE_DISSEM_LIMIT = 1 KB         (default)
ENV parameter: GASNET_COLL_EXCHANGE_DISSEM_RADIX = 2            (default)
ENV parameter: GASNET_COLL_PIPE_SEG_SIZE = 682 KB               (default)
ENV parameter: GASNET_COLL_AUTOTUNE_WARM_ITERS = 5              (default)
ENV parameter: GASNET_COLL_AUTOTUNE_PERF_ITERS = 10             (default)
ENV parameter: GASNET_COLL_AUTOTUNE_ALLOW_FLAT_TREE = 1         (default)
ENV parameter: GASNET_COLL_TUNING_FILE = *not set*              (default)
ENV parameter: GASNET_COLL_PRINT_AUTOTUNE_TIMER = NO            (default)
ENV parameter: GASNET_COLL_PRINT_COLL_ALG = NO                  (default)
ENV parameter: GASNET_COLL_ENABLE_SEARCH = NO                   (default)
ENV parameter: GASNET_COLL_ENABLE_PROFILE = NO                  (default)
ENV parameter: GASNET_COLL_TUNE_SMP_BARRIER = NO                (default)
ENV parameter: UPC_FREEZE_EARLY = *not set*                     (default)
ENV parameter: UPC_POLITE_SYNC = NO                             (default)
ENV parameter: UPC_REQUIRE_SHARED_SIZE = NO                     (default)
ENV parameter: UPC_BARRIER_MISMATCH_WARNS = NO                  (default)
ENV parameter: UPC_BIND_THREADS = NO                            (default)
ENV parameter: UPC_SUPPRESS_SIGFPE = NO                         (default)
ENV parameter: UPC_FIRSTTOUCH = NO                              (default)
ENV parameter: UPC_FORCETOUCH = NO                              (default)
ENV parameter: UPC_SHARED_ALLOC_ALIGN = 4 KB                    (default)
ENV parameter: UPC_LOCKS_RR = 1                                 (default)
ENV parameter: UPC_FREEZE = *not set*                           (default)
ENV parameter: GASNET_FS_SYNC = NO                              (default)
sort: open failed: pgen.out: No such file or directory
